\BOOKMARK [0][-]{chapter.1}{Deskriptive Statistik}{}
\BOOKMARK [1][-]{section.1.1}{Der Grundraum}{chapter.1}
\BOOKMARK [1][-]{section.1.2}{Absolute und relative H\344ufigkeit}{chapter.1}
\BOOKMARK [1][-]{section.1.3}{Histogramm}{chapter.1}
\BOOKMARK [1][-]{section.1.4}{Lagema\337e}{chapter.1}
\BOOKMARK [1][-]{section.1.5}{Streuungsma\337e}{chapter.1}
\BOOKMARK [1][-]{section.1.6}{Empirischer Korrelationskoeffizient}{chapter.1}
\BOOKMARK [0][-]{chapter.2}{Ereignisse und Zufallsvariablen}{}
\BOOKMARK [1][-]{section.2.1}{Definition}{chapter.2}
\BOOKMARK [1][-]{section.2.2}{Beispiele}{chapter.2}
\BOOKMARK [1][-]{section.2.3}{Bemerkung \(Mengentheoretische Operationen\)}{chapter.2}
\BOOKMARK [1][-]{section.2.4}{Definition}{chapter.2}
\BOOKMARK [1][-]{section.2.5}{Definition}{chapter.2}
\BOOKMARK [1][-]{section.2.6}{Definition}{chapter.2}
\BOOKMARK [1][-]{section.2.7}{Bemerkungen \(Rechenregeln f\374r Indikatorfunktionen\)}{chapter.2}
\BOOKMARK [1][-]{section.2.8}{Definition}{chapter.2}
\BOOKMARK [0][-]{chapter.3}{Diskrete Wahrscheinlichkeitsr\344ume}{}
\BOOKMARK [1][-]{section.3.1}{Motivation}{chapter.3}
\BOOKMARK [1][-]{section.3.2}{Definition}{chapter.3}
\BOOKMARK [1][-]{section.3.3}{Folgerung}{chapter.3}
\BOOKMARK [1][-]{section.3.4}{Satz}{chapter.3}
\BOOKMARK [1][-]{section.3.5}{Definition + Satz}{chapter.3}
\BOOKMARK [1][-]{section.3.6}{Definition}{chapter.3}
